<?xml version="1.0" encoding="UTF-8"?>
<!-- Generated by org.testng.reporters.JUnitReportReporter -->
<testsuite hostname="DESKTOP-A4TKI1L" failures="0" tests="1" name="selenium.DummyClassTest" time="0.029" errors="0" timestamp="2020-08-19T23:58:34 IST" skipped="0">
  <testcase classname="selenium.DummyClassTest" name="dummymethod1" time="0.029"/>
  <system-out/>
</testsuite> <!-- selenium.DummyClassTest -->
