<?xml version="1.0" encoding="UTF-8"?>
<!-- Generated by org.testng.reporters.JUnitReportReporter -->
<testsuite hostname="DESKTOP-A4TKI1L" failures="0" tests="1" name="selenium.ExtentReportDemo" time="14.165" errors="0" timestamp="2020-09-11T21:39:23 IST" skipped="0">
  <testcase classname="selenium.ExtentReportDemo" name="initialDemo" time="14.165"/>
  <system-out/>
</testsuite> <!-- selenium.ExtentReportDemo -->
