<?xml version="1.0" encoding="UTF-8"?>
<!-- Generated by org.testng.reporters.JUnitReportReporter -->
<testsuite hostname="DESKTOP-A4TKI1L" failures="0" tests="1" name="selenium.ClassTest2" time="0.018" errors="0" timestamp="2020-08-13T01:41:29 IST" skipped="0">
  <testcase classname="selenium.ClassTest2" name="C2method1" time="0.018"/>
  <system-out/>
</testsuite> <!-- selenium.ClassTest2 -->
