<?xml version="1.0" encoding="UTF-8"?>
<!-- Generated by org.testng.reporters.JUnitReportReporter -->
<testsuite hostname="DESKTOP-A4TKI1L" failures="0" tests="1" name="selenium.TestDummy" time="0.010" errors="0" timestamp="2020-08-13T01:58:29 IST" skipped="0">
  <testcase classname="selenium.TestDummy" name="method1" time="0.010"/>
  <system-out/>
</testsuite> <!-- selenium.TestDummy -->
