<?xml version="1.0" encoding="UTF-8"?>
<!-- Generated by org.testng.reporters.JUnitReportReporter -->
<testsuite skipped="0" hostname="DESKTOP-A4TKI1L" name="selenium.DummyTest" tests="1" failures="0" timestamp="2020-08-15T22:53:20 IST" time="0.015" errors="0">
  <testcase name="method1" time="0.015" classname="selenium.DummyTest"/>
  <system-out/>
</testsuite> <!-- selenium.DummyTest -->
